Arguments: 
  C:\Program Files\nodejs\node.exe C:\Users\Zoe\AppData\Roaming\npm\node_modules\yarn\bin\yarn.js install

PATH: 
  C:\ProgramData\Oracle\Java\javapath;C:\Program Files (x86)\Microsoft SDKs\Azure\CLI2\wbin;C:\Program Files (x86)\Common Files\Oracle\Java\javapath;C:\Program Files\Oculus\Support\oculus-runtime;C:\Windows\system32;C:\Windows;C:\Windows\System32\Wbem;C:\Windows\System32\WindowsPowerShell\v1.0\;C:\Windows\System32\OpenSSH\;C:\Program Files\NVIDIA Corporation\NVIDIA NvDLISR;C:\Program Files (x86)\NVIDIA Corporation\PhysX\Common;C:\Program Files\dotnet\;C:\Batch;C:\Program Files\Microsoft SQL Server\130\Tools\Binn\;C:\Program Files\Microsoft SQL Server\Client SDK\ODBC\170\Tools\Binn\;C:\Users\Zoe\AppData\Local\Programs\Python\Python310;C:\Program Files\Git\cmd;C:\Program Files\nodejs\;C:\Users\Zoe\AppData\Local\Microsoft\WindowsApps;C:\Users\Zoe\.dotnet\tools;C:\Users\Zoe\AppData\Local\Programs\Microsoft VS Code\bin;C:\Users\Zoe\AppData\Local\GitHubDesktop\bin;C:\Users\Zoe\AppData\Roaming\npm

Yarn version: 
  1.22.17

Node version: 
  17.3.1

Platform: 
  win32 x64

Trace: 
  SyntaxError: C:\Users\Zoe\Documents\School\WEBD - Client Side\Labs\Lab1_Group12_WEBD6201\package.json: Unexpected end of JSON input
      at JSON.parse (<anonymous>)
      at C:\Users\Zoe\AppData\Roaming\npm\node_modules\yarn\lib\cli.js:1625:59
      at Generator.next (<anonymous>)
      at step (C:\Users\Zoe\AppData\Roaming\npm\node_modules\yarn\lib\cli.js:310:30)
      at C:\Users\Zoe\AppData\Roaming\npm\node_modules\yarn\lib\cli.js:321:13

npm manifest: 
  

yarn manifest: 
  No manifest

Lockfile: 
  No lockfile
